This is pdfTeX, Version 3.141592653-2.6-1.40.28 (TeX Live 2025) (preloaded format=pdflatex 2025.8.2)  4 SEP 2025 11:36
entering extended mode
 restricted \write18 enabled.
 file:line:error style messages enabled.
 %&-line parsing enabled.
**c:/Users/mseminario2/Home/Courses/ECEN/ECEN-463(Inst)(DSP)/latek/lectures/ms_lecture00_DSP_Intro_ada/ms_lecture00_DSP_Intro.tex
(c:/Users/mseminario2/Home/Courses/ECEN/ECEN-463(Inst)(DSP)/latek/lectures/ms_lecture00_DSP_Intro_ada/ms_lecture00_DSP_Intro.tex
LaTeX2e <2025-06-01> patch level 1
L3 programming layer <2025-07-20>
(c:/texlive/2025/texmf-dist/tex/latex/ltx-talk/ltx-talk.cls
Document Class: ltx-talk 2025-07-31 v0.1.6 A class for typesetting presentations

c:/texlive/2025/texmf-dist/tex/latex/ltx-talk/ltx-talk.cls:33: Fatal Package ltx-talk Error: The ltx-talk class requires LaTeX 2025-11-01
(ltx-talk)                      or later.

For immediate help type H <return>.
 ...                                              
                                                  
l.33   }
        

You have tried to use the ltx-talk class with a LaTeX kernel release prior to
2025-11-01; the required functionality is missing.

At present, you may need to use the development release of LaTeX, invoked
using "lualatex-dev" or "pdflatex-dev".

This is a fatal error: LaTeX will abort.



c:/texlive/2025/texmf-dist/tex/latex/ltx-talk/ltx-talk.cls:33: Emergency stop.
<read *> 
         
l.33   }
        
*** (cannot \read from terminal in nonstop modes)

 
Here is how much of TeX's memory you used:
 34 strings out of 467801
 1214 string characters out of 5436090
 427301 words of memory out of 5000000
 28769 multiletter control sequences out of 15000+600000
 626825 words of font info for 40 fonts, out of 8000000 for 9000
 1141 hyphenation exceptions out of 8191
 34i,0n,62p,211b,42s stack positions out of 10000i,1000n,20000p,200000b,200000s
c:/texlive/2025/texmf-dist/tex/latex/ltx-talk/ltx-talk.cls:33:  ==> Fatal error occurred, no output PDF file produced!
